Running parameter set
Trivial zero
Running parameter set
Trivial zero
Running parameter set
Trivial zero
Running parameter set
Trivial zero
Running parameter set
Trivial zero
[[  1.00000000e+00   1.00000000e+03]
 [  1.00000000e+00   5.00000000e+01]
 [  0.00000000e+00   2.00000000e-01]
 [ -5.00000000e-02   5.00000000e-02]]
[array([  5.40540908e+02,   3.68336109e+01,   1.08695176e-01,
        -3.80818978e-04]), array([  8.28570826e+02,   3.69580508e+01,   1.07112117e-01,
         2.30864558e-02]), array([  2.12369846e+02,   4.33601391e+01,   1.38832397e-01,
        -1.27276045e-02]), array([  3.37123877e+02,   4.02833179e+01,   1.58334039e-02,
         3.76928921e-02]), array([  6.99262116e+02,   2.90340620e+01,   1.79555519e-01,
         2.51487943e-02])]
[[ 0.  0.  0.  0.]
 [ 0.  0.  0.  0.]
 [ 0.  0.  0.  0.]
 [ 0.  0.  0.  0.]
 [ 0.  0.  0.  0.]]
False
HERE
Running parameter set
Nontrivial
2.42194255571 8.18167901056 0.0713793480591 -0.0223402557288
Running attempt
GENERATING INITIAL TEAMS!
TOTAL TIME IN EVOLUTION: 204.005807
BATTLE TIME: 194.84955700000006
REPRODUCTION TIME: 0.3094459999999728
Traceback (most recent call last):
  File "train.py", line 214, in <module>
    training_result = Bayes.bayesian_optimisation(num_attempts, Bayes.run_parameter_set, param_bounds)
  File "train.py", line 195, in bayesian_optimisation
    cv_score = sample_loss(*next_sample)
  File "train.py", line 28, in run_parameter_set
    attempts = sorted([run_attempt() for _ in range(0, 1)])
  File "train.py", line 28, in <listcomp>
    attempts = sorted([run_attempt() for _ in range(0, 1)])
  File "train.py", line 25, in run_attempt
    output()
  File "/home/ubuntu/Dialgarithm/dialgarithm/dialgarithm.py", line 39, in output
    Damage.end()
  File "/home/ubuntu/Dialgarithm/dialgarithm/damage.py", line 20, in end
    if Writer.load_pickled_object('damage.txt') is None:
  File "/home/ubuntu/Dialgarithm/dialgarithm/Writer.py", line 33, in load_pickled_object
    return pickle.load(open(full_filename, "rb"))
MemoryError
Running parameter set
Nontrivial
60.1933051943 43.6041627349 0.141878299244 -0.0453159099821
Running attempt
GENERATING INITIAL TEAMS!
TOTAL TIME IN EVOLUTION: 227.88563399999998
BATTLE TIME: 152.01531899999998
REPRODUCTION TIME: 0.9978800000000092
Traceback (most recent call last):
  File "train.py", line 213, in <module>
    training_result = Bayes.bayesian_optimisation(num_attempts, Bayes.run_parameter_set, param_bounds)
  File "train.py", line 152, in bayesian_optimisation
    y_list.append(sample_loss(*params))
  File "train.py", line 27, in run_parameter_set
    attempts = sorted([run_attempt() for _ in range(0, 1)])
  File "train.py", line 27, in <listcomp>
    attempts = sorted([run_attempt() for _ in range(0, 1)])
  File "train.py", line 24, in run_attempt
    output()
  File "/home/ubuntu/Dialgarithm/dialgarithm/dialgarithm.py", line 39, in output
    Damage.end()
  File "/home/ubuntu/Dialgarithm/dialgarithm/damage.py", line 20, in end
    Writer.save_pickled_object(Model.damage_cache, 'damage.txt')
  File "/home/ubuntu/Dialgarithm/dialgarithm/Writer.py", line 24, in save_pickled_object
    pickle.dump(obj, output, pickle.HIGHEST_PROTOCOL)
MemoryError
Traceback (most recent call last):
  File "train.py", line 1, in <module>
    from dialgarithm.dialgarithm import *
  File "/home/ubuntu/Dialgarithm/dialgarithm/dialgarithm.py", line 5, in <module>
    from .damage import *
  File "/home/ubuntu/Dialgarithm/dialgarithm/damage.py", line 23
    pass
       ^
TabError: inconsistent use of tabs and spaces in indentation
Traceback (most recent call last):
  File "train.py", line 1, in <module>
    from dialgarithm.dialgarithm import *
  File "/home/ubuntu/Dialgarithm/dialgarithm/dialgarithm.py", line 5, in <module>
    from .damage import *
  File "/home/ubuntu/Dialgarithm/dialgarithm/damage.py", line 23
    pass
       ^
TabError: inconsistent use of tabs and spaces in indentation
Running parameter set
Trivial zero
Running parameter set
Trivial zero
Running parameter set
Trivial zero
Running parameter set
Trivial zero
Running parameter set
Trivial zero
[[  1.00000000e+00   1.00000000e+03]
 [  1.00000000e+00   5.00000000e+01]
 [  0.00000000e+00   2.00000000e-01]
 [ -5.00000000e-02   5.00000000e-02]]
[array([  5.96227643e+02,   6.70227830e+00,   4.47311304e-02,
        -3.61228321e-03]), array([  4.67609519e+02,   2.97793199e+01,   5.84095529e-02,
        -4.86441808e-02]), array([  6.32760448e+02,   4.79060486e+01,   3.21352242e-02,
         3.06171835e-02]), array([  1.94145993e+02,   3.92189304e+01,   1.34120092e-01,
         4.45627897e-02]), array([  5.12674364e+02,   1.82268702e+00,   1.60145495e-01,
         2.24842848e-02])]
[[ 0.  0.  0.  0.]
 [ 0.  0.  0.  0.]
 [ 0.  0.  0.  0.]
 [ 0.  0.  0.  0.]
 [ 0.  0.  0.  0.]]
False
HERE
Running parameter set
Trivial zero
[[  1.00000000e+00   1.00000000e+03]
 [  1.00000000e+00   5.00000000e+01]
 [  0.00000000e+00   2.00000000e-01]
 [ -5.00000000e-02   5.00000000e-02]]
[array([  5.96227643e+02,   6.70227830e+00,   4.47311304e-02,
        -3.61228321e-03]), array([  4.67609519e+02,   2.97793199e+01,   5.84095529e-02,
        -4.86441808e-02]), array([  6.32760448e+02,   4.79060486e+01,   3.21352242e-02,
         3.06171835e-02]), array([  1.94145993e+02,   3.92189304e+01,   1.34120092e-01,
         4.45627897e-02]), array([  5.12674364e+02,   1.82268702e+00,   1.60145495e-01,
         2.24842848e-02]), array([  9.66518596e+02,   3.89724542e+01,   4.92765773e-02,
         3.97832111e-02])]
[[ 0.  0.  0.  0.]
 [ 0.  0.  0.  0.]
 [ 0.  0.  0.  0.]
 [ 0.  0.  0.  0.]
 [ 0.  0.  0.  0.]
 [ 0.  0.  0.  0.]]
False
HERE
Running parameter set
Nontrivial
2.03707440641 17.7346861091 0.0709707470772 -0.0453447118199
Running attempt
Traceback (most recent call last):
  File "train.py", line 213, in <module>
    training_result = Bayes.bayesian_optimisation(num_attempts, Bayes.run_parameter_set, param_bounds)
  File "train.py", line 194, in bayesian_optimisation
    cv_score = sample_loss(*next_sample)
  File "train.py", line 27, in run_parameter_set
    attempts = sorted([run_attempt() for _ in range(0, 1)])
  File "train.py", line 27, in <listcomp>
    attempts = sorted([run_attempt() for _ in range(0, 1)])
  File "train.py", line 22, in run_attempt
    setup_without_user_input()
  File "/home/ubuntu/Dialgarithm/dialgarithm/dialgarithm.py", line 28, in setup_without_user_input
    Damage.start()
  File "/home/ubuntu/Dialgarithm/dialgarithm/damage.py", line 11, in start
    Damage.read_damage_cache()
  File "/home/ubuntu/Dialgarithm/dialgarithm/damage.py", line 60, in read_damage_cache
    tentative_cache = Writer.load_pickled_object('damage.txt')
  File "/home/ubuntu/Dialgarithm/dialgarithm/Writer.py", line 33, in load_pickled_object
    return pickle.load(open(full_filename, "rb"))
EOFError: Ran out of input
Running parameter set
Trivial zero
Running parameter set
Trivial zero
Running parameter set
Trivial zero
Running parameter set
Nontrivial
115.519625063 33.6989681135 0.16577307173 -0.0197177360127
Running attempt
Traceback (most recent call last):
  File "train.py", line 213, in <module>
    training_result = Bayes.bayesian_optimisation(num_attempts, Bayes.run_parameter_set, param_bounds)
  File "train.py", line 152, in bayesian_optimisation
    y_list.append(sample_loss(*params))
  File "train.py", line 27, in run_parameter_set
    attempts = sorted([run_attempt() for _ in range(0, 1)])
  File "train.py", line 27, in <listcomp>
    attempts = sorted([run_attempt() for _ in range(0, 1)])
  File "train.py", line 22, in run_attempt
    setup_without_user_input()
  File "/home/ubuntu/Dialgarithm/dialgarithm/dialgarithm.py", line 28, in setup_without_user_input
    Damage.start()
  File "/home/ubuntu/Dialgarithm/dialgarithm/damage.py", line 11, in start
    Damage.read_damage_cache()
  File "/home/ubuntu/Dialgarithm/dialgarithm/damage.py", line 60, in read_damage_cache
    tentative_cache = Writer.load_pickled_object('damage.txt')
  File "/home/ubuntu/Dialgarithm/dialgarithm/Writer.py", line 33, in load_pickled_object
    return pickle.load(open(full_filename, "rb"))
EOFError: Ran out of input
Running parameter set
Trivial zero
Running parameter set
Nontrivial
8.42763345073 46.7019941343 0.0734177955965 0.0296839566429
Running attempt
GENERATING INITIAL TEAMS!
TOTAL TIME IN EVOLUTION: 268.140954
BATTLE TIME: 219.005706
REPRODUCTION TIME: 3.9207710000000198
LOL
Traceback (most recent call last):
  File "train.py", line 213, in <module>
    training_result = Bayes.bayesian_optimisation(num_attempts, Bayes.run_parameter_set, param_bounds)
  File "train.py", line 152, in bayesian_optimisation
    y_list.append(sample_loss(*params))
  File "train.py", line 27, in run_parameter_set
    attempts = sorted([run_attempt() for _ in range(0, 1)])
  File "train.py", line 27, in <listcomp>
    attempts = sorted([run_attempt() for _ in range(0, 1)])
  File "train.py", line 24, in run_attempt
    output()
  File "/home/ubuntu/Dialgarithm/dialgarithm/dialgarithm.py", line 40, in output
    Evolve.write_to_file()
  File "/home/ubuntu/Dialgarithm/dialgarithm/evolve.py", line 101, in write_to_file
    Writer.save_csv_object(output_df, "result.csv")
  File "/home/ubuntu/Dialgarithm/dialgarithm/Writer.py", line 42, in save_csv_object
    os.makedirs("/" + path)
  File "/home/ubuntu/anaconda3/lib/python3.6/os.py", line 210, in makedirs
    makedirs(head, mode, exist_ok)
  File "/home/ubuntu/anaconda3/lib/python3.6/os.py", line 220, in makedirs
    mkdir(name, mode)
PermissionError: [Errno 13] Permission denied: '/./2017-06'
